2002.05.30 21:49 B C:\Program Files\Apache Group\Apache\htdocs\schilduil\site\web\bert\budgerigar\genetics\BUD2001\BUD2001.class --> ftp.schilduil.be /web/bert/budgerigar/genetics/BUD2001 BUD2001.class
2002.05.30 21:49 B C:\Program Files\Apache Group\Apache\htdocs\schilduil\site\web\bert\budgerigar\genetics\BUD2001\budgerigarcalcgen.gif --> ftp.schilduil.be /web/bert/budgerigar/genetics/BUD2001 budgerigarcalcgen.gif
2002.05.30 21:49 B C:\Program Files\Apache Group\Apache\htdocs\schilduil\site\web\bert\budgerigar\genetics\BUD2001\Deutch.html --> ftp.schilduil.be /web/bert/budgerigar/genetics/BUD2001 Deutch.html
2002.05.30 21:49 B C:\Program Files\Apache Group\Apache\htdocs\schilduil\site\web\bert\budgerigar\genetics\BUD2001\deutch.sf --> ftp.schilduil.be /web/bert/budgerigar/genetics/BUD2001 deutch.sf
2002.05.30 21:49 B C:\Program Files\Apache Group\Apache\htdocs\schilduil\site\web\bert\budgerigar\genetics\BUD2001\english.sf --> ftp.schilduil.be /web/bert/budgerigar/genetics/BUD2001 english.sf
2002.05.30 21:49 B C:\Program Files\Apache Group\Apache\htdocs\schilduil\site\web\bert\budgerigar\genetics\BUD2001\index.html --> ftp.schilduil.be /web/bert/budgerigar/genetics/BUD2001 index.html
2002.05.30 21:49 B C:\Program Files\Apache Group\Apache\htdocs\schilduil\site\web\bert\budgerigar\genetics\BUD2001\Nederlands.html --> ftp.schilduil.be /web/bert/budgerigar/genetics/BUD2001 Nederlands.html
2002.05.30 21:49 B C:\Program Files\Apache Group\Apache\htdocs\schilduil\site\web\bert\budgerigar\genetics\BUD2001\nederlands.sf --> ftp.schilduil.be /web/bert/budgerigar/genetics/BUD2001 nederlands.sf
2002.06.21 17:57 B C:\Program Files\Apache Group\Apache\htdocs\schilduil\site\web\bert\budgerigar\genetics\BUD2001\WS_FTP.LOG --> ftp.schilduil.be /web/bert/budgerigar/genetics/BUD2001 WS_FTP.LOG
2002.08.09 19:01 B C:\Program Files\Apache Group\Apache\htdocs\schilduil\site\web\bert\budgerigar\genetics\BUD2001\WS_FTP.LOG --> ftp.schilduil.be /web/bert/budgerigar/genetics/BUD2001 WS_FTP.LOG
2002.08.20 20:49 B C:\Program Files\Apache Group\Apache\htdocs\schilduil\site\web\bert\budgerigar\genetics\BUD2001\WS_FTP.LOG --> ftp.schilduil.be /web/bert/budgerigar/genetics/BUD2001 WS_FTP.LOG
2002.10.17 19:10 B C:\Program Files\Apache Group\Apache\htdocs\schilduil\site\web\bert\budgerigar\genetics\BUD2001\WS_FTP.LOG --> ftp.schilduil.be /web/bert/budgerigar/genetics/BUD2001 WS_FTP.LOG
2002.10.18 21:52 B C:\Program Files\Apache Group\Apache\htdocs\schilduil\site\web\bert\budgerigar\genetics\BUD2001\index.html --> ftp.schilduil.be /web/bert/budgerigar/genetics/BUD2001 index.html
2003.06.01 11:58 B C:\Program Files\Apache Group\Apache\htdocs\schilduil\site\web\bert\budgerigar\genetics\BUD2001\index.nl.html --> ftp.schilduil.be /web/bert/budgerigar/genetics/BUD2001 index.nl.html
2003.06.01 11:58 B C:\Program Files\Apache Group\Apache\htdocs\schilduil\site\web\bert\budgerigar\genetics\BUD2001\Nederlands.html --> ftp.schilduil.be /web/bert/budgerigar/genetics/BUD2001 Nederlands.html
2003.06.01 11:58 B C:\Program Files\Apache Group\Apache\htdocs\schilduil\site\web\bert\budgerigar\genetics\BUD2001\index.html --> ftp.schilduil.be /web/bert/budgerigar/genetics/BUD2001 index.html
2003.06.01 11:58 B C:\Program Files\Apache Group\Apache\htdocs\schilduil\site\web\bert\budgerigar\genetics\BUD2001\index.de.html --> ftp.schilduil.be /web/bert/budgerigar/genetics/BUD2001 index.de.html
2003.06.01 11:58 B C:\Program Files\Apache Group\Apache\htdocs\schilduil\site\web\bert\budgerigar\genetics\BUD2001\Deutch.html --> ftp.schilduil.be /web/bert/budgerigar/genetics/BUD2001 Deutch.html
2003.06.01 11:58 B C:\Program Files\Apache Group\Apache\htdocs\schilduil\site\web\bert\budgerigar\genetics\BUD2001\index.php --> ftp.schilduil.be /web/bert/budgerigar/genetics/BUD2001 index.php
2003.06.01 11:58 B C:\Program Files\Apache Group\Apache\htdocs\schilduil\site\web\bert\budgerigar\genetics\BUD2001\WS_FTP.LOG --> ftp.schilduil.be /web/bert/budgerigar/genetics/BUD2001 WS_FTP.LOG
2003.06.25 22:23 B C:\Program Files\Apache Group\Apache\htdocs\schilduil\site\web\bert\budgerigar\genetics\BUD2001\index.nl.html --> ftp.schilduil.be /web/bert/budgerigar/genetics/BUD2001 index.nl.html
2003.06.25 22:23 B C:\Program Files\Apache Group\Apache\htdocs\schilduil\site\web\bert\budgerigar\genetics\BUD2001\Nederlands.html --> ftp.schilduil.be /web/bert/budgerigar/genetics/BUD2001 Nederlands.html
2003.06.25 22:23 B C:\Program Files\Apache Group\Apache\htdocs\schilduil\site\web\bert\budgerigar\genetics\BUD2001\index.html --> ftp.schilduil.be /web/bert/budgerigar/genetics/BUD2001 index.html
2003.06.25 22:23 B C:\Program Files\Apache Group\Apache\htdocs\schilduil\site\web\bert\budgerigar\genetics\BUD2001\index.de.html --> ftp.schilduil.be /web/bert/budgerigar/genetics/BUD2001 index.de.html
2003.06.25 22:23 B C:\Program Files\Apache Group\Apache\htdocs\schilduil\site\web\bert\budgerigar\genetics\BUD2001\Deutch.html --> ftp.schilduil.be /web/bert/budgerigar/genetics/BUD2001 Deutch.html
2003.06.25 22:23 B C:\Program Files\Apache Group\Apache\htdocs\schilduil\site\web\bert\budgerigar\genetics\BUD2001\index.php --> ftp.schilduil.be /web/bert/budgerigar/genetics/BUD2001 index.php
2003.06.25 22:23 B C:\Program Files\Apache Group\Apache\htdocs\schilduil\site\web\bert\budgerigar\genetics\BUD2001\nederlands.sf --> ftp.schilduil.be /web/bert/budgerigar/genetics/BUD2001 nederlands.sf
2003.06.25 22:23 B C:\Program Files\Apache Group\Apache\htdocs\schilduil\site\web\bert\budgerigar\genetics\BUD2001\english.sf --> ftp.schilduil.be /web/bert/budgerigar/genetics/BUD2001 english.sf
2003.06.25 22:23 B C:\Program Files\Apache Group\Apache\htdocs\schilduil\site\web\bert\budgerigar\genetics\BUD2001\deutch.sf --> ftp.schilduil.be /web/bert/budgerigar/genetics/BUD2001 deutch.sf
2003.06.25 22:23 B C:\Program Files\Apache Group\Apache\htdocs\schilduil\site\web\bert\budgerigar\genetics\BUD2001\budgerigarcalcgen.gif --> ftp.schilduil.be /web/bert/budgerigar/genetics/BUD2001 budgerigarcalcgen.gif
2003.06.25 22:23 B C:\Program Files\Apache Group\Apache\htdocs\schilduil\site\web\bert\budgerigar\genetics\BUD2001\BUD2001.class --> ftp.schilduil.be /web/bert/budgerigar/genetics/BUD2001 BUD2001.class
105.01.03 19:31 B Z:\su.org\genetics\BUD2001\WS_FTP.LOG <-- www.schilduil.org /var/www/html/genetics/BUD2001 WS_FTP.LOG
